<?xml version="1.0" encoding="UTF-8"?>
<testng-results ignored="0" total="1" passed="1" failed="0" skipped="0">
  <reporter-output>
  </reporter-output>
  <suite started-at="2023-10-14T06:40:40 PDT" name="Default suite" finished-at="2023-10-14T06:40:49 PDT" duration-ms="8971">
    <groups>
    </groups>
    <test started-at="2023-10-14T06:40:40 PDT" name="Default test" finished-at="2023-10-14T06:40:49 PDT" duration-ms="8971">
      <class name="com.facebook.loginTests.LoginTest">
        <test-method is-config="true" signature="openApplication()[pri:0, instance:com.facebook.loginTests.LoginTest@65fb9ffc]" started-at="2023-10-14T06:40:40 PDT" name="openApplication" finished-at="2023-10-14T06:40:48 PDT" duration-ms="7906" status="PASS">
          <reporter-output>
          </reporter-output>
        </test-method> <!-- openApplication -->
        <test-method signature="loginTest()[pri:0, instance:com.facebook.loginTests.LoginTest@65fb9ffc]" started-at="2023-10-14T06:40:48 PDT" name="loginTest" finished-at="2023-10-14T06:40:48 PDT" duration-ms="528" status="PASS">
          <reporter-output>
          </reporter-output>
        </test-method> <!-- loginTest -->
        <test-method is-config="true" signature="closeFacebook()[pri:0, instance:com.facebook.loginTests.LoginTest@65fb9ffc]" started-at="2023-10-14T06:40:49 PDT" name="closeFacebook" finished-at="2023-10-14T06:40:49 PDT" duration-ms="462" status="PASS">
          <reporter-output>
          </reporter-output>
        </test-method> <!-- closeFacebook -->
      </class> <!-- com.facebook.loginTests.LoginTest -->
    </test> <!-- Default test -->
  </suite> <!-- Default suite -->
</testng-results>
